<?xml version="1.0" encoding="utf-8"?><testsuites name="pytest tests"><testsuite name="pytest" errors="0" failures="0" skipped="0" tests="20" time="5.450" timestamp="2026-04-15T22:04:26.709257+00:00" hostname="agent-env-24b41cfc-5e3b-45ae-a6ab-533318a6bd37"><testcase classname="backend.tests.test_api.TestHealth" name="test_health_endpoint" time="0.168" /><testcase classname="backend.tests.test_api.TestLogin" name="test_login_existing_user" time="0.144" /><testcase classname="backend.tests.test_api.TestLogin" name="test_login_new_user" time="0.406" /><testcase classname="backend.tests.test_api.TestStats" name="test_get_stats" time="0.111" /><testcase classname="backend.tests.test_api.TestLeads" name="test_get_leads" time="0.152" /><testcase classname="backend.tests.test_api.TestLeads" name="test_create_lead" time="0.222" /><testcase classname="backend.tests.test_api.TestLeads" name="test_create_and_verify_lead_persistence" time="0.227" /><testcase classname="backend.tests.test_api.TestOutreach" name="test_get_outreach" time="0.109" /><testcase classname="backend.tests.test_api.TestOutreach" name="test_send_outreach_to_lead" time="0.296" /><testcase classname="backend.tests.test_api.TestOutreach" name="test_send_outreach_invalid_lead" time="0.141" /><testcase classname="backend.tests.test_api.TestDashboard" name="test_get_dashboard" time="0.116" /><testcase classname="backend.tests.test_api.TestMeetings" name="test_get_meetings" time="0.127" /><testcase classname="backend.tests.test_api.TestMeetings" name="test_create_meeting" time="0.247" /><testcase classname="backend.tests.test_api.TestAutomation" name="test_automation_status" time="0.111" /><testcase classname="backend.tests.test_api.TestAutomation" name="test_start_stop_automation" time="0.234" /><testcase classname="backend.tests.test_api.TestOnboarding" name="test_save_onboarding" time="0.103" /><testcase classname="backend.tests.test_api.TestOnboarding" name="test_get_onboarding" time="0.223" /><testcase classname="backend.tests.test_api.TestGenerateEmail" name="test_generate_email_for_lead" time="1.431" /><testcase classname="backend.tests.test_api.TestGenerateEmail" name="test_generate_email_invalid_lead" time="0.116" /><testcase classname="backend.tests.test_api.TestStripeSubscribe" name="test_create_checkout_session" time="0.664" /></testsuite></testsuites>