<?xml version="1.0" encoding="utf-8"?><testsuites name="pytest tests"><testsuite name="pytest" errors="0" failures="0" skipped="0" tests="27" time="9.777" timestamp="2026-04-26T08:39:54.707268+00:00" hostname="agent-env-24b41cfc-5e3b-45ae-a6ab-533318a6bd37"><testcase classname="backend.tests.test_api.TestHealth" name="test_health_endpoint" time="0.221" /><testcase classname="backend.tests.test_api.TestLogin" name="test_login_existing_user" time="0.139" /><testcase classname="backend.tests.test_api.TestLogin" name="test_login_new_user" time="0.114" /><testcase classname="backend.tests.test_api.TestStats" name="test_get_stats" time="0.117" /><testcase classname="backend.tests.test_api.TestLeads" name="test_get_leads" time="0.114" /><testcase classname="backend.tests.test_api.TestLeads" name="test_create_lead" time="0.111" /><testcase classname="backend.tests.test_api.TestLeads" name="test_create_and_verify_lead_persistence" time="0.241" /><testcase classname="backend.tests.test_api.TestOutreach" name="test_get_outreach" time="0.101" /><testcase classname="backend.tests.test_api.TestOutreach" name="test_send_outreach_to_lead" time="1.389" /><testcase classname="backend.tests.test_api.TestOutreach" name="test_send_outreach_invalid_lead" time="0.104" /><testcase classname="backend.tests.test_api.TestDashboard" name="test_get_dashboard" time="0.099" /><testcase classname="backend.tests.test_api.TestMeetings" name="test_get_meetings" time="0.098" /><testcase classname="backend.tests.test_api.TestMeetings" name="test_create_meeting" time="0.256" /><testcase classname="backend.tests.test_api.TestAutomation" name="test_automation_status" time="0.116" /><testcase classname="backend.tests.test_api.TestAutomation" name="test_start_stop_automation" time="0.203" /><testcase classname="backend.tests.test_api.TestOnboarding" name="test_save_onboarding" time="0.107" /><testcase classname="backend.tests.test_api.TestOnboarding" name="test_get_onboarding" time="0.206" /><testcase classname="backend.tests.test_api.TestGenerateEmail" name="test_generate_email_for_lead" time="1.282" /><testcase classname="backend.tests.test_api.TestGenerateEmail" name="test_generate_email_with_target_offer" time="0.918" /><testcase classname="backend.tests.test_api.TestGenerateEmail" name="test_generate_email_invalid_lead" time="0.127" /><testcase classname="backend.tests.test_api.TestClassifyReply" name="test_classify_reply_interested" time="0.741" /><testcase classname="backend.tests.test_api.TestStripeSubscribe" name="test_subscribe_starter_plan" time="0.656" /><testcase classname="backend.tests.test_api.TestStripeSubscribe" name="test_subscribe_growth_plan" time="0.528" /><testcase classname="backend.tests.test_api.TestStripeSubscribe" name="test_subscribe_lifetime_plan" time="0.458" /><testcase classname="backend.tests.test_api.TestStripeSubscribe" name="test_subscribe_with_affiliate_ref" time="0.485" /><testcase classname="backend.tests.test_api.TestStripeSubscribe" name="test_subscribe_default_plan" time="0.490" /><testcase classname="backend.tests.test_api.TestCheckoutStatus" name="test_checkout_status_invalid_session" time="0.274" /></testsuite></testsuites>